<?xml version="1.0"?><coverage lines-covered="178" lines-valid="369" line-rate="0.4823848238482385" branches-covered="0" branches-valid="0" branch-rate="0" complexity="0" version="1.9" timestamp="1763153256"><sources><source>/Users/martin/Desktop/hitch</source></sources><packages><package name="src/utils" line-rate="0.4711111111111111" branch-rate="0" complexity="0"><classes><class name="git_operations" filename="src/utils/git_operations.rs" line-rate="0.5631067961165048" branch-rate="0" complexity="0"><methods/><lines><line number="11" hits="15"/><line number="12" hits="45"/><line number="13" hits="13"/><line number="16" hits="35"/><line number="18" hits="105"/><line number="19" hits="35"/><line number="23" hits="70"/><line number="24" hits="175"/><line number="25" hits="35"/><line number="26" hits="35"/><line number="29" hits="0"/><line number="32" hits="0"/><line number="33" hits="0"/><line number="34" hits="0"/><line number="39" hits="0"/><line number="40" hits="0"/><line number="41" hits="0"/><line number="43" hits="0"/><line number="45" hits="0"/><line number="46" hits="0"/><line number="47" hits="0"/><line number="48" hits="0"/><line number="49" hits="0"/><line number="53" hits="0"/><line number="56" hits="11"/><line number="57" hits="33"/><line number="58" hits="22"/><line number="60" hits="33"/><line number="62" hits="11"/><line number="63" hits="0"/><line number="64" hits="0"/><line number="65" hits="0"/><line number="66" hits="0"/><line number="71" hits="22"/><line number="72" hits="11"/><line number="76" hits="11"/><line number="79" hits="11"/><line number="81" hits="33"/><line number="82" hits="33"/><line number="83" hits="11"/><line number="85" hits="33"/><line number="87" hits="11"/><line number="88" hits="0"/><line number="89" hits="0"/><line number="90" hits="0"/><line number="91" hits="0"/><line number="97" hits="33"/><line number="98" hits="22"/><line number="102" hits="11"/><line number="103" hits="0"/><line number="104" hits="0"/><line number="105" hits="0"/><line number="109" hits="11"/><line number="112" hits="11"/><line number="113" hits="33"/><line number="114" hits="22"/><line number="116" hits="22"/><line number="117" hits="11"/><line number="121" hits="11"/><line number="122" hits="11"/><line number="123" hits="11"/><line number="124" hits="11"/><line number="125" hits="11"/><line number="129" hits="0"/><line number="131" hits="0"/><line number="134" hits="22"/><line number="135" hits="132"/><line number="136" hits="22"/><line number="139" hits="0"/><line number="140" hits="0"/><line number="141" hits="0"/><line number="143" hits="0"/><line number="145" hits="0"/><line number="147" hits="0"/><line number="148" hits="0"/><line number="149" hits="0"/><line number="151" hits="0"/><line number="155" hits="0"/><line number="158" hits="16"/><line number="159" hits="48"/><line number="160" hits="32"/><line number="162" hits="48"/><line number="164" hits="16"/><line number="165" hits="32"/><line number="166" hits="32"/><line number="167" hits="16"/><line number="168" hits="16"/><line number="172" hits="0"/><line number="175" hits="11"/><line number="176" hits="33"/><line number="177" hits="22"/><line number="181" hits="33"/><line number="184" hits="13"/><line number="185" hits="39"/><line number="186" hits="13"/><line number="190" hits="13"/><line number="193" hits="0"/><line number="194" hits="0"/><line number="195" hits="0"/><line number="199" hits="0"/><line number="200" hits="0"/><line number="203" hits="0"/><line number="204" hits="0"/></lines></class><class name="prelude" filename="src/utils/prelude.rs" line-rate="0.39344262295081966" branch-rate="0" complexity="0"><methods/><lines><line number="11" hits="13"/><line number="12" hits="39"/><line number="15" hits="39"/><line number="16" hits="13"/><line number="17" hits="0"/><line number="18" hits="0"/><line number="19" hits="0"/><line number="22" hits="39"/><line number="25" hits="39"/><line number="26" hits="39"/><line number="27" hits="13"/><line number="28" hits="2"/><line number="29" hits="2"/><line number="32" hits="33"/><line number="34" hits="33"/><line number="35" hits="11"/><line number="45" hits="0"/><line number="49" hits="0"/><line number="52" hits="0"/><line number="53" hits="0"/><line number="56" hits="0"/><line number="57" hits="0"/><line number="60" hits="0"/><line number="63" hits="0"/><line number="64" hits="0"/><line number="65" hits="0"/><line number="67" hits="0"/><line number="68" hits="0"/><line number="69" hits="0"/><line number="70" hits="0"/><line number="72" hits="0"/><line number="74" hits="0"/><line number="75" hits="0"/><line number="76" hits="0"/><line number="80" hits="0"/><line number="93" hits="11"/><line number="97" hits="33"/><line number="100" hits="33"/><line number="101" hits="11"/><line number="102" hits="33"/><line number="104" hits="11"/><line number="106" hits="0"/><line number="107" hits="0"/><line number="108" hits="0"/><line number="109" hits="0"/><line number="110" hits="0"/><line number="112" hits="0"/><line number="116" hits="22"/><line number="118" hits="33"/><line number="119" hits="22"/><line number="122" hits="22"/><line number="124" hits="33"/><line number="125" hits="11"/><line number="126" hits="11"/><line number="128" hits="22"/><line number="129" hits="33"/><line number="132" hits="22"/><line number="133" hits="33"/><line number="135" hits="33"/><line number="138" hits="33"/><line number="139" hits="11"/><line number="142" hits="33"/><line number="143" hits="11"/><line number="145" hits="44"/><line number="148" hits="33"/><line number="149" hits="11"/><line number="151" hits="33"/><line number="154" hits="22"/><line number="155" hits="24"/><line number="156" hits="32"/><line number="157" hits="24"/><line number="159" hits="0"/><line number="162" hits="6"/><line number="165" hits="11"/><line number="168" hits="11"/><line number="169" hits="33"/><line number="170" hits="11"/><line number="172" hits="0"/><line number="182" hits="0"/><line number="186" hits="0"/><line number="189" hits="0"/><line number="192" hits="0"/><line number="195" hits="0"/><line number="196" hits="0"/><line number="197" hits="0"/><line number="198" hits="0"/><line number="199" hits="0"/><line number="201" hits="0"/><line number="203" hits="0"/><line number="204" hits="0"/><line number="205" hits="0"/><line number="209" hits="0"/><line number="213" hits="0"/><line number="214" hits="0"/><line number="215" hits="0"/><line number="216" hits="0"/><line number="217" hits="0"/><line number="219" hits="0"/><line number="220" hits="0"/><line number="221" hits="0"/><line number="222" hits="0"/><line number="223" hits="0"/><line number="224" hits="0"/><line number="225" hits="0"/><line number="226" hits="0"/><line number="230" hits="0"/><line number="231" hits="0"/><line number="233" hits="0"/><line number="234" hits="0"/><line number="235" hits="0"/><line number="237" hits="0"/><line number="242" hits="0"/><line number="243" hits="0"/><line number="244" hits="0"/><line number="245" hits="0"/><line number="246" hits="0"/><line number="248" hits="0"/><line number="249" hits="0"/><line number="250" hits="0"/><line number="253" hits="0"/><line number="255" hits="0"/><line number="256" hits="0"/></lines></class></classes></package><package name="tests" line-rate="0" branch-rate="0" complexity="0"><classes></classes></package><package name="src/commands" line-rate="0.6444444444444445" branch-rate="0" complexity="0"><classes><class name="add" filename="src/commands/add.rs" line-rate="0" branch-rate="0" complexity="0"><methods/><lines><line number="14" hits="0"/><line number="15" hits="0"/><line number="16" hits="0"/></lines></class><class name="demote" filename="src/commands/demote.rs" line-rate="0" branch-rate="0" complexity="0"><methods/><lines><line number="12" hits="0"/><line number="16" hits="0"/><line number="17" hits="0"/></lines></class><class name="global_context" filename="src/commands/global_context.rs" line-rate="0.9047619047619048" branch-rate="0" complexity="0"><methods/><lines><line number="13" hits="15"/><line number="14" hits="43"/><line number="15" hits="13"/><line number="16" hits="26"/><line number="17" hits="13"/><line number="18" hits="13"/><line number="22" hits="130"/><line number="23" hits="130"/><line number="26" hits="250"/><line number="27" hits="360"/><line number="28" hits="110"/><line number="32" hits="52"/><line number="33" hits="208"/><line number="36" hits="11"/><line number="37" hits="44"/><line number="40" hits="24"/><line number="41" hits="96"/><line number="44" hits="0"/><line number="45" hits="0"/><line number="48" hits="22"/><line number="49" hits="22"/></lines></class><class name="guard" filename="src/commands/guard.rs" line-rate="0" branch-rate="0" complexity="0"><methods/><lines><line number="10" hits="0"/><line number="14" hits="0"/><line number="15" hits="0"/></lines></class><class name="init" filename="src/commands/init.rs" line-rate="0.9285714285714286" branch-rate="0" complexity="0"><methods/><lines><line number="13" hits="13"/><line number="14" hits="39"/><line number="17" hits="28"/><line number="20" hits="33"/><line number="21" hits="33"/><line number="22" hits="0"/><line number="24" hits="33"/><line number="27" hits="33"/><line number="28" hits="33"/><line number="29" hits="33"/><line number="32" hits="33"/><line number="34" hits="33"/><line number="37" hits="33"/><line number="38" hits="22"/><line number="39" hits="44"/><line number="42" hits="33"/><line number="45" hits="14"/><line number="46" hits="12"/><line number="47" hits="6"/><line number="48" hits="9"/><line number="49" hits="6"/><line number="52" hits="21"/><line number="53" hits="42"/><line number="54" hits="12"/><line number="58" hits="33"/><line number="60" hits="11"/><line number="63" hits="22"/><line number="64" hits="24"/><line number="65" hits="32"/><line number="66" hits="32"/><line number="67" hits="16"/><line number="69" hits="0"/><line number="72" hits="6"/><line number="76" hits="33"/><line number="77" hits="11"/><line number="78" hits="0"/><line number="81" hits="33"/><line number="83" hits="17"/><line number="84" hits="21"/><line number="85" hits="6"/><line number="87" hits="16"/><line number="90" hits="11"/></lines></class><class name="lock" filename="src/commands/lock.rs" line-rate="0" branch-rate="0" complexity="0"><methods/><lines><line number="10" hits="0"/><line number="11" hits="0"/><line number="12" hits="0"/></lines></class><class name="promote" filename="src/commands/promote.rs" line-rate="0" branch-rate="0" complexity="0"><methods/><lines><line number="12" hits="0"/><line number="16" hits="0"/><line number="17" hits="0"/></lines></class><class name="rebuild" filename="src/commands/rebuild.rs" line-rate="0" branch-rate="0" complexity="0"><methods/><lines><line number="10" hits="0"/><line number="14" hits="0"/><line number="15" hits="0"/></lines></class><class name="remove" filename="src/commands/remove.rs" line-rate="0" branch-rate="0" complexity="0"><methods/><lines><line number="12" hits="0"/><line number="16" hits="0"/><line number="17" hits="0"/></lines></class><class name="status" filename="src/commands/status.rs" line-rate="0" branch-rate="0" complexity="0"><methods/><lines><line number="8" hits="0"/><line number="12" hits="0"/><line number="13" hits="0"/></lines></class><class name="unlock" filename="src/commands/unlock.rs" line-rate="0" branch-rate="0" complexity="0"><methods/><lines><line number="10" hits="0"/><line number="14" hits="0"/><line number="15" hits="0"/></lines></class></classes></package><package name="src" line-rate="0.4823848238482385" branch-rate="0" complexity="0"><classes><class name="main" filename="src/main.rs" line-rate="0.4" branch-rate="0" complexity="0"><methods/><lines><line number="52" hits="15"/><line number="54" hits="15"/><line number="56" hits="30"/><line number="59" hits="60"/><line number="62" hits="13"/><line number="63" hits="52"/><line number="64" hits="0"/><line number="65" hits="0"/><line number="66" hits="0"/><line number="67" hits="0"/><line number="68" hits="0"/><line number="69" hits="0"/><line number="70" hits="0"/><line number="71" hits="0"/><line number="72" hits="0"/></lines></class><class name="types" filename="src/types.rs" line-rate="0.20512820512820512" branch-rate="0" complexity="0"><methods/><lines><line number="30" hits="6"/><line number="34" hits="12"/><line number="42" hits="0"/><line number="43" hits="0"/><line number="46" hits="0"/><line number="47" hits="0"/><line number="48" hits="0"/><line number="49" hits="0"/><line number="52" hits="0"/><line number="53" hits="0"/><line number="54" hits="0"/><line number="55" hits="0"/><line number="58" hits="0"/><line number="59" hits="0"/><line number="62" hits="0"/><line number="63" hits="0"/><line number="64" hits="0"/><line number="68" hits="0"/><line number="69" hits="0"/><line number="72" hits="0"/><line number="73" hits="0"/><line number="88" hits="11"/><line number="90" hits="22"/><line number="91" hits="11"/><line number="95" hits="6"/><line number="96" hits="6"/><line number="97" hits="24"/><line number="100" hits="0"/><line number="101" hits="0"/><line number="104" hits="0"/><line number="105" hits="0"/><line number="108" hits="0"/><line number="109" hits="0"/><line number="112" hits="0"/><line number="113" hits="0"/><line number="116" hits="0"/><line number="117" hits="0"/><line number="122" hits="0"/><line number="123" hits="0"/></lines></class></classes></package></packages></coverage>